# JRE version: OpenJDK Runtime Environment Temurin-17.0.8.1+1 (17.0.8.1+1) (build 17.0.8.1+1)
# Java VM: OpenJDK 64-Bit Server VM Temurin-17.0.8.1+1 (17.0.8.1+1, mixed mode, emulated-client, tiered, compressed oops, compressed class ptrs, g1 gc, windows-amd64)
GC Precious Log:
 CPUs: 4 total, 4 available
 Memory: 8107M
 Large Page Support: Disabled
 NUMA Support: Disabled
 Compressed Oops: Enabled (32-bit)
 Heap Region Size: 1M
 Heap Min Capacity: 8M
 Heap Initial Capacity: 128M
 Heap Max Capacity: 2028M
 Pre-touch: Disabled
 Parallel Workers: 4
 Concurrent Workers: 1
 Concurrent Refinement Workers: 4
 Periodic GC: Disabled
Heap:
 garbage-first heap   total 81920K, used 59331K [0x0000000081400000, 0x0000000100000000)
  region size 1024K, 30 young (30720K), 3 survivors (3072K)
 Metaspace       used 84410K, committed 85120K, reserved 1179648K
  class space    used 11405K, committed 11776K, reserved 1048576K
GC Heap History (20 events):
Event: 6456.092 GC heap after
{Heap after GC invocations=109 (full 22):
 garbage-first heap   total 81920K, used 30884K [0x0000000081400000, 0x0000000100000000)
  region size 1024K, 4 young (4096K), 4 survivors (4096K)
 Metaspace       used 84283K, committed 85184K, reserved 1179648K
  class space    used 11387K, committed 11776K, reserved 1048576K
}
Event: 6480.067 GC heap before
{Heap before GC invocations=109 (full 22):
 garbage-first heap   total 81920K, used 50340K [0x0000000081400000, 0x0000000100000000)
  region size 1024K, 24 young (24576K), 4 survivors (4096K)
 Metaspace       used 84316K, committed 85184K, reserved 1179648K
  class space    used 11389K, committed 11776K, reserved 1048576K
}
Event: 6480.147 GC heap after
{Heap after GC invocations=110 (full 23):
 garbage-first heap   total 81920K, used 26652K [0x0000000081400000, 0x0000000100000000)
  region size 1024K, 0 young (0K), 0 survivors (0K)
 Metaspace       used 84086K, committed 85120K, reserved 1179648K
  class space    used 11370K, committed 11776K, reserved 1048576K
}
Event: 6480.747 GC heap before
{Heap before GC invocations=110 (full 23):
 garbage-first heap   total 81920K, used 62492K [0x0000000081400000, 0x0000000100000000)
  region size 1024K, 36 young (36864K), 0 survivors (0K)
 Metaspace       used 84125K, committed 85120K, reserved 1179648K
  class space    used 11376K, committed 11776K, reserved 1048576K
}
Event: 6480.752 GC heap after
{Heap after GC invocations=111 (full 23):
 garbage-first heap   total 81920K, used 29875K [0x0000000081400000, 0x0000000100000000)
  region size 1024K, 4 young (4096K), 4 survivors (4096K)
 Metaspace       used 84125K, committed 85120K, reserved 1179648K
  class space    used 11376K, committed 11776K, reserved 1048576K
}
Event: 6481.139 GC heap before
{Heap before GC invocations=111 (full 23):
 garbage-first heap   total 81920K, used 63667K [0x0000000081400000, 0x0000000100000000)
  region size 1024K, 37 young (37888K), 4 survivors (4096K)
 Metaspace       used 84294K, committed 85120K, reserved 1179648K
  class space    used 11388K, committed 11776K, reserved 1048576K
}
Event: 6481.145 GC heap after
{Heap after GC invocations=112 (full 23):
 garbage-first heap   total 81920K, used 31369K [0x0000000081400000, 0x0000000100000000)
  region size 1024K, 3 young (3072K), 3 survivors (3072K)
 Metaspace       used 84294K, committed 85120K, reserved 1179648K
  class space    used 11388K, committed 11776K, reserved 1048576K
}
Event: 6589.427 GC heap before
{Heap before GC invocations=112 (full 23):
 garbage-first heap   total 81920K, used 56969K [0x0000000081400000, 0x0000000100000000)
  region size 1024K, 29 young (29696K), 3 survivors (3072K)
 Metaspace       used 84330K, committed 85120K, reserved 1179648K
  class space    used 11391K, committed 11776K, reserved 1048576K
}
Event: 6589.507 GC heap after
{Heap after GC invocations=113 (full 24):
 garbage-first heap   total 81920K, used 26852K [0x0000000081400000, 0x0000000100000000)
  region size 1024K, 0 young (0K), 0 survivors (0K)
 Metaspace       used 84109K, committed 85120K, reserved 1179648K
  class space    used 11374K, committed 11776K, reserved 1048576K
}
Event: 6589.966 GC heap before
{Heap before GC invocations=113 (full 24):
 garbage-first heap   total 81920K, used 63716K [0x0000000081400000, 0x0000000100000000)
  region size 1024K, 36 young (36864K), 0 survivors (0K)
 Metaspace       used 84149K, committed 85120K, reserved 1179648K
  class space    used 11380K, committed 11776K, reserved 1048576K
}
Event: 6589.970 GC heap after
{Heap after GC invocations=114 (full 24):
 garbage-first heap   total 81920K, used 30132K [0x0000000081400000, 0x0000000100000000)
  region size 1024K, 4 young (4096K), 4 survivors (4096K)
 Metaspace       used 84149K, committed 85120K, reserved 1179648K
  class space    used 11380K, committed 11776K, reserved 1048576K
}
Event: 6590.331 GC heap before
{Heap before GC invocations=114 (full 24):
 garbage-first heap   total 81920K, used 63924K [0x0000000081400000, 0x0000000100000000)
  region size 1024K, 37 young (37888K), 4 survivors (4096K)
 Metaspace       used 84329K, committed 85120K, reserved 1179648K
  class space    used 11395K, committed 11776K, reserved 1048576K
}
Event: 6590.337 GC heap after
{Heap after GC invocations=115 (full 24):
 garbage-first heap   total 81920K, used 31535K [0x0000000081400000, 0x0000000100000000)
  region size 1024K, 3 young (3072K), 3 survivors (3072K)
 Metaspace       used 84329K, committed 85120K, reserved 1179648K
  class space    used 11395K, committed 11776K, reserved 1048576K
}
Event: 6614.352 GC heap before
{Heap before GC invocations=115 (full 24):
 garbage-first heap   total 81920K, used 54063K [0x0000000081400000, 0x0000000100000000)
  region size 1024K, 26 young (26624K), 3 survivors (3072K)
 Metaspace       used 84372K, committed 85120K, reserved 1179648K
  class space    used 11399K, committed 11776K, reserved 1048576K
}
Event: 6614.433 GC heap after
{Heap after GC invocations=116 (full 25):
 garbage-first heap   total 81920K, used 26774K [0x0000000081400000, 0x0000000100000000)
  region size 1024K, 0 young (0K), 0 survivors (0K)
 Metaspace       used 84152K, committed 85120K, reserved 1179648K
  class space    used 11381K, committed 11776K, reserved 1048576K
}
Event: 6615.042 GC heap before
{Heap before GC invocations=116 (full 25):
 garbage-first heap   total 81920K, used 63638K [0x0000000081400000, 0x0000000100000000)
  region size 1024K, 37 young (37888K), 0 survivors (0K)
 Metaspace       used 84210K, committed 85120K, reserved 1179648K
  class space    used 11391K, committed 11776K, reserved 1048576K
}
Event: 6615.047 GC heap after
{Heap after GC invocations=117 (full 25):
 garbage-first heap   total 81920K, used 29613K [0x0000000081400000, 0x0000000100000000)
  region size 1024K, 3 young (3072K), 3 survivors (3072K)
 Metaspace       used 84210K, committed 85120K, reserved 1179648K
  class space    used 11391K, committed 11776K, reserved 1048576K
}
Event: 6615.495 GC heap before
{Heap before GC invocations=117 (full 25):
 garbage-first heap   total 81920K, used 65453K [0x0000000081400000, 0x0000000100000000)
  region size 1024K, 38 young (38912K), 3 survivors (3072K)
 Metaspace       used 84372K, committed 85120K, reserved 1179648K
  class space    used 11401K, committed 11776K, reserved 1048576K
}
Event: 6615.501 GC heap after
{Heap after GC invocations=118 (full 25):
 garbage-first heap   total 81920K, used 31683K [0x0000000081400000, 0x0000000100000000)
  region size 1024K, 3 young (3072K), 3 survivors (3072K)
 Metaspace       used 84372K, committed 85120K, reserved 1179648K
  class space    used 11401K, committed 11776K, reserved 1048576K
}
Event: 6915.544 GC heap before
{Heap before GC invocations=118 (full 25):
 garbage-first heap   total 81920K, used 58307K [0x0000000081400000, 0x0000000100000000)
  region size 1024K, 30 young (30720K), 3 survivors (3072K)
 Metaspace       used 84410K, committed 85120K, reserved 1179648K
  class space    used 11405K, committed 11776K, reserved 1048576K
}

